ğŸ” Running repository linters and formatters...

â”â”â”â”â”â”â”â”â”â”â”â”â”â”â”â”â”â”â”â”â”â”â”â”â”â”â”â”â”â”â”â”â”â”â”â”â”â”â”â”â”â”â”â”â”â”â”â”â”â”â”â”â”â”â”â”â”â”â”â”â”â”â”â”â”â”
  Bash Linting
â”â”â”â”â”â”â”â”â”â”â”â”â”â”â”â”â”â”â”â”â”â”â”â”â”â”â”â”â”â”â”â”â”â”â”â”â”â”â”â”â”â”â”â”â”â”â”â”â”â”â”â”â”â”â”â”â”â”â”â”â”â”â”â”â”â”

â”â”â”â”â”â”â”â”â”â”â”â”â”â”â”â”â”â”â”â”â”â”â”â”â”â”â”â”â”â”â”â”â”â”â”â”â”â”â”â”â”â”â”â”â”â”â”â”â”â”â”â”â”â”â”â”â”â”â”â”â”â”â”â”â”â”â”â”â”â”â”â”â”â”â”â”â”â”â”â”
  Linting Results
â”â”â”â”â”â”â”â”â”â”â”â”â”â”â”â”â”â”â”â”â”â”â”â”â”â”â”â”â”â”â”â”â”â”â”â”â”â”â”â”â”â”â”â”â”â”â”â”â”â”â”â”â”â”â”â”â”â”â”â”â”â”â”â”â”â”â”â”â”â”â”â”â”â”â”â”â”â”â”â”

âŒ validate_docstrings: FAILED (20 violation(s))
   .: [validate_docstrings] âŒ Validation FAILED: 23 violation(s) in 4 file(s)
   .: [validate_docstrings] âŒ /home/runner/work/RFC-Shared-Agent-Scaffolding/RFC-Shared-Agent-Scaffolding/wrappers/bash/tests/test-preflight-automerge-ruleset.sh:98
   .: [validate_docstrings] âŒ /home/runner/work/RFC-Shared-Agent-Scaffolding/RFC-Shared-Agent-Scaffolding/wrappers/bash/tests/test-preflight-automerge-ruleset.sh:111
   .: [validate_docstrings] âŒ /home/runner/work/RFC-Shared-Agent-Scaffolding/RFC-Shared-Agent-Scaffolding/wrappers/bash/tests/test-preflight-automerge-ruleset.sh:130
   .: [validate_docstrings] âŒ /home/runner/work/RFC-Shared-Agent-Scaffolding/RFC-Shared-Agent-Scaffolding/wrappers/bash/tests/test-preflight-automerge-ruleset.sh:149
   .: [validate_docstrings] âŒ /home/runner/work/RFC-Shared-Agent-Scaffolding/RFC-Shared-Agent-Scaffolding/wrappers/bash/tests/test-preflight-automerge-ruleset.sh:168
   .: [validate_docstrings] âŒ /home/runner/work/RFC-Shared-Agent-Scaffolding/RFC-Shared-Agent-Scaffolding/wrappers/bash/tests/test-safe-archive.sh:57
   .: [validate_docstrings] âŒ /home/runner/work/RFC-Shared-Agent-Scaffolding/RFC-Shared-Agent-Scaffolding/wrappers/bash/tests/test-safe-archive.sh:80
   .: [validate_docstrings] âŒ /home/runner/work/RFC-Shared-Agent-Scaffolding/RFC-Shared-Agent-Scaffolding/wrappers/bash/tests/test-safe-archive.sh:97
   .: [validate_docstrings] âŒ /home/runner/work/RFC-Shared-Agent-Scaffolding/RFC-Shared-Agent-Scaffolding/wrappers/bash/tests/test-safe-archive.sh:114
   .: [validate_docstrings] âŒ /home/runner/work/RFC-Shared-Agent-Scaffolding/RFC-Shared-Agent-Scaffolding/wrappers/bash/tests/test-safe-check.sh:70
   .: [validate_docstrings] âŒ /home/runner/work/RFC-Shared-Agent-Scaffolding/RFC-Shared-Agent-Scaffolding/wrappers/bash/tests/test-safe-run.sh:111
   .: [validate_docstrings] âŒ /home/runner/work/RFC-Shared-Agent-Scaffolding/RFC-Shared-Agent-Scaffolding/wrappers/bash/tests/test-safe-run.sh:125
   .: [validate_docstrings] âŒ /home/runner/work/RFC-Shared-Agent-Scaffolding/RFC-Shared-Agent-Scaffolding/wrappers/bash/tests/test-safe-run.sh:147
   .: [validate_docstrings] âŒ /home/runner/work/RFC-Shared-Agent-Scaffolding/RFC-Shared-Agent-Scaffolding/wrappers/bash/tests/test-safe-run.sh:165
   .: [validate_docstrings] âŒ /home/runner/work/RFC-Shared-Agent-Scaffolding/RFC-Shared-Agent-Scaffolding/wrappers/bash/tests/test-safe-run.sh:182
   .: [validate_docstrings] âŒ /home/runner/work/RFC-Shared-Agent-Scaffolding/RFC-Shared-Agent-Scaffolding/wrappers/bash/tests/test-safe-run.sh:207
   .: [validate_docstrings] âŒ /home/runner/work/RFC-Shared-Agent-Scaffolding/RFC-Shared-Agent-Scaffolding/wrappers/bash/tests/test-safe-run.sh:237
   .: [validate_docstrings] âŒ /home/runner/work/RFC-Shared-Agent-Scaffolding/RFC-Shared-Agent-Scaffolding/wrappers/bash/tests/test-safe-run.sh:267
   .: [validate_docstrings] âŒ /home/runner/work/RFC-Shared-Agent-Scaffolding/RFC-Shared-Agent-Scaffolding/wrappers/bash/tests/test-safe-run.sh:292

â”â”â”â”â”â”â”â”â”â”â”â”â”â”â”â”â”â”â”â”â”â”â”â”â”â”â”â”â”â”â”â”â”â”â”â”â”â”â”â”â”â”â”â”â”â”â”â”â”â”â”â”â”â”â”â”â”â”â”â”â”â”â”â”â”â”â”â”â”â”â”â”â”â”â”â”â”â”â”â”
âŒ Found 20 violation(s) across 1 tool(s)
